<?xml version="1.0" encoding="UTF-8"?>
<testng-results ignored="0" total="1" passed="1" failed="0" skipped="0">
  <reporter-output>
  </reporter-output>
  <suite started-at="2020-05-08T23:25:28 EET" name="Default suite" finished-at="2020-05-08T23:25:38 EET" duration-ms="10504">
    <groups>
    </groups>
    <test started-at="2020-05-08T23:25:28 EET" name="Default test" finished-at="2020-05-08T23:25:38 EET" duration-ms="10504">
      <class name="test.TestPostRequest">
        <test-method signature="RegistrationSuccessful()[pri:0, instance:test.TestPostRequest@2133814f]" started-at="2020-05-08T23:25:28 EET" name="RegistrationSuccessful" finished-at="2020-05-08T23:25:38 EET" duration-ms="10362" status="PASS">
          <reporter-output>
          </reporter-output>
        </test-method> <!-- RegistrationSuccessful -->
      </class> <!-- test.TestPostRequest -->
    </test> <!-- Default test -->
  </suite> <!-- Default suite -->
</testng-results>
